# JRE version: Java(TM) SE Runtime Environment 18.9 (11.0.11+9) (build 11.0.11+9-LTS-194)
# Java VM: Java HotSpot(TM) 64-Bit Server VM 18.9 (11.0.11+9-LTS-194, mixed mode, tiered, compressed oops, g1 gc, windows-amd64)
Heap:
 garbage-first heap   total 129024K, used 53086K [0x0000000082e00000, 0x0000000100000000)
  region size 1024K, 49 young (50176K), 4 survivors (4096K)
 Metaspace       used 32800K, capacity 33606K, committed 33664K, reserved 1079296K
  class space    used 3885K, capacity 4200K, committed 4224K, reserved 1048576K
GC Heap History (6 events):
Event: 2.690 GC heap before
{Heap before GC invocations=0 (full 0):
 garbage-first heap   total 129024K, used 23552K [0x0000000082e00000, 0x0000000100000000)
  region size 1024K, 24 young (24576K), 0 survivors (0K)
 Metaspace       used 13881K, capacity 14246K, committed 14336K, reserved 1062912K
  class space    used 1377K, capacity 1499K, committed 1536K, reserved 1048576K
}
Event: 2.699 GC heap after
{Heap after GC invocations=1 (full 0):
 garbage-first heap   total 129024K, used 5484K [0x0000000082e00000, 0x0000000100000000)
  region size 1024K, 3 young (3072K), 3 survivors (3072K)
 Metaspace       used 13881K, capacity 14246K, committed 14336K, reserved 1062912K
  class space    used 1377K, capacity 1499K, committed 1536K, reserved 1048576K
}
Event: 5.149 GC heap before
{Heap before GC invocations=1 (full 0):
 garbage-first heap   total 129024K, used 36204K [0x0000000082e00000, 0x0000000100000000)
  region size 1024K, 34 young (34816K), 3 survivors (3072K)
 Metaspace       used 20691K, capacity 21190K, committed 21248K, reserved 1069056K
  class space    used 2333K, capacity 2540K, committed 2560K, reserved 1048576K
}
Event: 5.156 GC heap after
{Heap after GC invocations=2 (full 0):
 garbage-first heap   total 129024K, used 7638K [0x0000000082e00000, 0x0000000100000000)
  region size 1024K, 6 young (6144K), 6 survivors (6144K)
 Metaspace       used 20691K, capacity 21190K, committed 21248K, reserved 1069056K
  class space    used 2333K, capacity 2540K, committed 2560K, reserved 1048576K
}
Event: 5.814 GC heap before
{Heap before GC invocations=3 (full 0):
 garbage-first heap   total 129024K, used 44502K [0x0000000082e00000, 0x0000000100000000)
  region size 1024K, 43 young (44032K), 6 survivors (6144K)
 Metaspace       used 27524K, capacity 28108K, committed 28416K, reserved 1075200K
  class space    used 3227K, capacity 3462K, committed 3584K, reserved 1048576K
}
Event: 5.823 GC heap after
{Heap after GC invocations=4 (full 0):
 garbage-first heap   total 129024K, used 9054K [0x0000000082e00000, 0x0000000100000000)
  region size 1024K, 4 young (4096K), 4 survivors (4096K)
 Metaspace       used 27524K, capacity 28108K, committed 28416K, reserved 1075200K
  class space    used 3227K, capacity 3462K, committed 3584K, reserved 1048576K
}

